[0521/114623:ERROR:renderer_main.cc(207)] Running without renderer sandbox
[0521/121033:ERROR:renderer_main.cc(207)] Running without renderer sandbox
[0521/121145:WARNING:message_in_transit_queue.cc(18)] Destroying nonempty message queue
[0521/121738:WARNING:message_in_transit_queue.cc(18)] Destroying nonempty message queue
[0603/212212:ERROR:renderer_main.cc(207)] Running without renderer sandbox
[0603/212245:WARNING:message_in_transit_queue.cc(18)] Destroying nonempty message queue
[0603/212328:ERROR:renderer_main.cc(207)] Running without renderer sandbox
[0604/030016:WARNING:dns_config_service_win.cc(654)] Failed to read DnsConfig.
[0604/060013:WARNING:dns_config_service_win.cc(654)] Failed to read DnsConfig.
[0604/060020:WARNING:dns_config_service_win.cc(654)] Failed to read DnsConfig.
[0604/144825:WARNING:dns_config_service_win.cc(654)] Failed to read DnsConfig.
[0604/144830:WARNING:dns_config_service_win.cc(654)] Failed to read DnsConfig.
[0604/194017:WARNING:message_in_transit_queue.cc(18)] Destroying nonempty message queue
[0605/152011:ERROR:renderer_main.cc(207)] Running without renderer sandbox
[0605/161027:WARNING:message_in_transit_queue.cc(18)] Destroying nonempty message queue
[0605/161129:ERROR:renderer_main.cc(207)] Running without renderer sandbox
[0605/194429:ERROR:renderer_main.cc(207)] Running without renderer sandbox
[0605/194558:WARNING:message_in_transit_queue.cc(18)] Destroying nonempty message queue
[0605/200545:ERROR:renderer_main.cc(207)] Running without renderer sandbox
[0605/200545:ERROR:cache_util_win.cc(20)] Unable to move the cache: 5
[0605/200545:ERROR:cache_util.cc(132)] Unable to move cache folder C:\Users\anth0\AppData\Local\Temp\GPUCache to C:\Users\anth0\AppData\Local\Temp\old_GPUCache_000
[0605/200545:ERROR:cache_creator.cc(132)] Unable to create cache
[0605/200545:ERROR:shader_disk_cache.cc(588)] Shader Cache Creation failed: -2
[0605/210949:WARNING:message_in_transit_queue.cc(18)] Destroying nonempty message queue
